368
16 216 16 227
16 204 16 215
16 202 27 202
16 196 17 201
16 193 19 195
16 168 16 179
16 156 16 167
16 141 16 152
16 119 16 130
16 112 19 114
16 106 18 109
16 94 16 105
16 91 21 92
16 87 18 90
16 75 16 86
16 69 17 74
16 54 16 65
16 39 19 41
16 36 19 38
16 24 16 35
16 12 16 23
16 0 16 11
15 234 17 237
15 222 15 233
15 204 15 215
15 186 16 191
15 162 15 173
15 141 15 152
15 139 26 139
15 137 20 138
15 135 20 136
15 131 17 134
15 119 15 130
15 116 26 116
15 93 26 93
15 81 15 92
15 69 15 80
15 54 15 65
15 46 16 51
15 30 15 41
15 18 15 29
15 6 15 17
14 238 15 243
14 222 14 233
14 216 15 221
14 204 14 215
14 193 15 198
14 180 16 183
14 174 15 179
14 162 14 173
14 156 15 161
14 119 14 130
14 94 15 99
14 82 14 93
14 70 14 81
14 66 17 68
14 54 14 65
14 42 16 45
14 24 14 35
14 12 14 23
14 0 15 5
13 216 13 227
13 204 13 215
13 199 15 202
13 192 24 192
13 186 14 191
13 172 13 183
13 160 13 171
13 155 24 155
13 153 18 154
13 147 14 152
13 141 14 146
13 131 14 136
13 119 13 130
13 106 15 109
13 88 13 99
13 70 13 81
13 57 13 68
13 46 14 51
13 36 14 41
13 24 13 35
13 12 13 23
13 6 14 11
12 247 15 249
12 244 15 246
12 234 14 237
12 228 13 233
12 216 12 227
12 193 13 198
12 172 12 183
12 160 12 171
12 144 12 155
12 119 12 130
12 115 23 115
12 112 15 114
12 100 15 102
12 88 12 99
12 82 13 87
12 70 12 81
12 57 12 68
12 30 12 41
12 18 12 29
12 6 12 17
11 238 13 241
11 226 11 237
11 204 12 209
11 184 16 185
11 172 11 183
11 160 11 171
11 156 13 159
11 144 11 155
11 140 22 140
11 137 14 139
11 131 12 136
11 119 11 130
11 117 16 118
11 82 11 93
11 70 11 81
11 57 11 68
11 52 16 53
11 46 12 51
11 42 13 45
11 30 11 41
11 18 11 29
11 6 11 17
11 0 13 3
10 230 10 241
10 216 11 221
10 203 21 203
10 199 12 202
10 193 11 198
10 189 12 192
10 168 10 179
10 156 10 167
10 144 10 155
10 129 10 140
10 117 10 128
10 106 12 109
10 94 11 99
10 82 10 93
10 70 10 81
10 54 13 56
10 42 10 53
10 30 10 41
10 18 10 29
10 6 10 17
9 230 9 241
9 222 11 225
9 210 12 212
9 204 10 209
9 192 9 203
9 186 12 188
9 180 10 185
9 168 9 179
9 156 9 167
9 144 9 155
9 141 12 143
9 129 9 140
9 117 9 128
9 112 11 115
9 82 9 93
9 70 9 81
9 61 10 66
9 45 9 56
9 33 9 44
9 21 9 32
9 9 9 20
8 246 11 248
8 242 13 243
8 230 8 241
8 226 10 229
8 216 9 221
8 195 8 206
8 177 8 188
8 165 8 176
8 153 8 164
8 141 8 152
8 129 8 140
8 117 8 128
8 100 11 102
8 94 9 99
8 82 8 93
8 70 8 81
8 57 10 60
8 45 8 56
8 33 8 44
8 21 8 32
8 9 8 20
8 4 13 5
8 0 10 3
7 226 7 237
7 213 12 214
7 207 8 212
7 195 7 206
7 177 7 188
7 165 7 176
7 153 7 164
7 141 7 152
7 129 7 140
7 117 7 128
7 111 18 111
7 110 18 110
7 106 9 109
7 85 7 96
7 70 7 81
7 61 8 66
7 49 7 60
7 33 7 44
7 21 7 32
7 9 7 20
6 244 11 245
6 238 7 243
6 226 6 237
6 222 8 225
6 216 7 221
6 199 6 210
6 189 9 191
6 177 6 188
6 165 6 176
6 153 6 164
6 141 6 152
6 129 6 140
6 117 6 128
6 112 8 115
6 97 7 102
6 85 6 96
6 70 6 81
6 49 6 60
6 33 6 44
6 21 6 32
6 6 9 8
6 0 7 5
5 228 5 239
5 216 5 227
5 199 5 210
5 192 8 194
5 171 5 182
5 159 5 170
5 147 5 158
5 135 5 146
5 123 5 134
5 106 6 111
5 85 5 96
5 70 5 81
5 67 10 68
5 61 6 66
5 49 5 60
5 45 7 48
5 33 5 44
5 21 5 32
5 15 6 20
5 9 6 14
4 246 7 248
4 240 5 245
4 228 4 239
4 216 4 227
4 211 6 214
4 183 5 188
4 171 4 182
4 147 4 158
4 135 4 146
4 123 4 134
4 117 5 122
4 105 15 105
4 104 15 104
4 103 15 103
4 97 5 102
4 85 4 96
4 82 7 84
4 70 4 81
4 57 4 68
4 45 4 56
4 33 4 44
4 21 4 32
4 9 4 20
4 0 5 5
3 228 3 239
3 216 3 227
3 205 4 210
3 199 4 204
3 171 3 182
3 165 4 170
3 159 4 164
3 147 3 158
3 135 3 146
3 123 3 134
3 116 14 116
3 112 5 115
3 106 4 111
3 94 3 105
3 82 3 93
3 70 3 81
3 69 14 69
3 57 3 68
3 45 3 56
3 33 3 44
3 21 3 32
3 9 3 20
2 240 3 245
2 228 2 239
2 216 2 227
2 199 2 210
2 189 5 191
2 183 3 188
2 171 2 182
2 159 2 170
2 147 2 158
2 135 2 146
2 123 2 134
2 117 3 122
2 105 2 116
2 93 2 104
2 81 2 92
2 69 2 80
2 57 2 68
2 45 2 56
2 33 2 44
2 21 2 32
2 9 2 20
2 6 5 8
2 0 3 5
1 234 1 245
1 222 1 233
1 215 12 215
1 211 3 214
1 199 1 210
1 197 6 198
1 195 6 196
1 192 4 194
1 180 1 191
1 168 1 179
1 156 1 167
1 144 1 155
1 132 1 143
1 120 1 131
1 108 1 119
1 96 1 107
1 84 1 95
1 72 1 83
1 60 1 71
1 48 1 59
1 36 1 47
1 24 1 35
1 12 1 23
1 0 1 11
0 249 11 249
0 246 3 248
0 234 0 245
0 222 0 233
0 216 1 221
0 204 0 215
0 192 0 203
0 180 0 191
0 168 0 179
0 156 0 167
0 144 0 155
0 132 0 143
0 120 0 131
0 108 0 119
0 96 0 107
0 84 0 95
0 72 0 83
0 60 0 71
0 48 0 59
0 36 0 47
0 24 0 35
0 12 0 23
0 0 0 11
